<?xml version="1.0" encoding="UTF-8"?>
<coverage generated="1769155492099" clover="3.2.0">
  <project timestamp="1769155492099" name="All files">
    <metrics statements="2" coveredstatements="2" conditionals="0" coveredconditionals="0" methods="2" coveredmethods="2" elements="4" coveredelements="4" complexity="0" loc="2" ncloc="2" packages="1" files="1" classes="1"/>
    <file name="page.tsx" path="C:\Users\nicolas\Documents\GitHub\baller-hub\src\webapp\frontend\app\page.tsx">
      <metrics statements="2" coveredstatements="2" conditionals="0" coveredconditionals="0" methods="2" coveredmethods="2"/>
      <line num="7" count="1" type="stmt"/>
      <line num="80" count="4" type="stmt"/>
    </file>
  </project>
</coverage>
