{"C:\\Users\\nicolas\\Documents\\GitHub\\baller-hub\\src\\webapp\\frontend\\app\\page.tsx": {"path":"C:\\Users\\nicolas\\Documents\\GitHub\\baller-hub\\src\\webapp\\frontend\\app\\page.tsx","statementMap":{"0":{"start":{"line":7,"column":2},"end":{"line":67,"column":null}},"1":{"start":{"line":80,"column":2},"end":{"line":89,"column":null}}},"fnMap":{"0":{"name":"HomePage","decl":{"start":{"line":6,"column":24},"end":{"line":6,"column":35}},"loc":{"start":{"line":6,"column":35},"end":{"line":69,"column":null}},"line":6},"1":{"name":"QuickLink","decl":{"start":{"line":71,"column":9},"end":{"line":71,"column":19}},"loc":{"start":{"line":79,"column":3},"end":{"line":91,"column":null}},"line":79}},"branchMap":{},"s":{"0":1,"1":4},"f":{"0":1,"1":4},"b":{},"meta":{"lastBranch":0,"lastFunction":2,"lastStatement":2,"seen":{"f:6:24:6:35":0,"s:7:2:67:Infinity":0,"f:71:9:71:19":1,"s:80:2:89:Infinity":1}}}
}
